#######################################################################################
# log primitive debug message of FSDB dumping                                         #
# This is for R&D to analyze when there are issues happening when FSDB dump           #
#######################################################################################
ANF: vcsd_get_serial_mode_status('./simv: undefined symbol: vcsd_get_serial_mode_status')
ANF: vcsd_enable_sva_success_callback('./simv: undefined symbol: vcsd_enable_sva_success_callback')
ANF: vcsd_disable_sva_success_callback('./simv: undefined symbol: vcsd_disable_sva_success_callback')
ANF: vcsd_get_power_scope_name('./simv: undefined symbol: vcsd_get_power_scope_name')
ANF: vcsd_begin_no_value_var_info('./simv: undefined symbol: vcsd_begin_no_value_var_info')
ANF: vcsd_end_no_value_var_info('./simv: undefined symbol: vcsd_end_no_value_var_info')
ANF: vcsd_remove_xprop_merge_mode_callback('./simv: undefined symbol: vcsd_remove_xprop_merge_mode_callback')
ANF: vcsd_node_check_native_callback('./simv: undefined symbol: vcsd_node_check_native_callback')
ANF: vcsd_node_add_native_callback('./simv: undefined symbol: vcsd_node_add_native_callback')
ANF: vhpi_get_cb_info('./simv: undefined symbol: vhpi_get_cb_info')
ANF: vhpi_free_handle('./simv: undefined symbol: vhpi_free_handle')
ANF: vhpi_fetch_vcsd_handle('./simv: undefined symbol: vhpi_fetch_vcsd_handle')
ANF: vhpi_fetch_vpi_handle('./simv: undefined symbol: vhpi_fetch_vpi_handle')
ANF: vhpi_has_verilog_parent('./simv: undefined symbol: vhpi_has_verilog_parent')
ANF: vhpi_is_verilog_scope('./simv: undefined symbol: vhpi_is_verilog_scope')
ANF: scsd_xprop_is_enabled('./simv: undefined symbol: scsd_xprop_is_enabled')
ANF: scsd_xprop_sig_is_promoted('./simv: undefined symbol: scsd_xprop_sig_is_promoted')
ANF: scsd_xprop_int_xvalue('./simv: undefined symbol: scsd_xprop_int_xvalue')
ANF: scsd_xprop_bool_xvalue('./simv: undefined symbol: scsd_xprop_bool_xvalue')
ANF: scsd_xprop_enum_xvalue('./simv: undefined symbol: scsd_xprop_enum_xvalue')
ANF: scsd_xprop_register_merge_mode_cb('./simv: undefined symbol: scsd_xprop_register_merge_mode_cb')
ANF: scsd_xprop_delete_merge_mode_cb('./simv: undefined symbol: scsd_xprop_delete_merge_mode_cb')
ANF: scsd_xprop_get_merge_mode('./simv: undefined symbol: scsd_xprop_get_merge_mode')
ANF: scsd_thread_get_info('./simv: undefined symbol: scsd_thread_get_info')
ANF: scsd_thread_vc_init('./simv: undefined symbol: scsd_thread_vc_init')
ANF: scsd_master_set_delta_sync_cbk('./simv: undefined symbol: scsd_master_set_delta_sync_cbk')
ANF: scsd_fgp_get_fsdb_cores('./simv: undefined symbol: scsd_fgp_get_fsdb_cores')
ANF: msvEnableDumpingMode('./simv: undefined symbol: msvEnableDumpingMode')
ANF: msvGetVersion('./simv: undefined symbol: msvGetVersion')
ANF: msvGetInstProp('./simv: undefined symbol: msvGetInstProp')
ANF: msvIsSpiceEngineReady('./simv: undefined symbol: msvIsSpiceEngineReady')
ANF: msvSetAddProbeCallback('./simv: undefined symbol: msvSetAddProbeCallback')
ANF: msvGetInstHandle('./simv: undefined symbol: msvGetInstHandle')
ANF: msvGetProbeByInst('./simv: undefined symbol: msvGetProbeByInst')
ANF: msvGetSigHandle('./simv: undefined symbol: msvGetSigHandle')
ANF: msvGetProbeBySig('./simv: undefined symbol: msvGetProbeBySig')
ANF: msvGetProbeInfo('./simv: undefined symbol: msvGetProbeInfo')
ANF: msvRelease('./simv: undefined symbol: msvRelease')
ANF: msvSetVcCallbackFunc('./simv: undefined symbol: msvSetVcCallbackFunc')
ANF: msvCheckVcCallback('./simv: undefined symbol: msvCheckVcCallback')
ANF: msvAddVcCallback('./simv: undefined symbol: msvAddVcCallback')
ANF: msvRemoveVcCallback('./simv: undefined symbol: msvRemoveVcCallback')
ANF: msvGetLatestValue('./simv: undefined symbol: msvGetLatestValue')
ANF: msvSetEndofSimCallback('./simv: undefined symbol: msvSetEndofSimCallback')
ANF: msvIgnoredProbe('./simv: undefined symbol: msvIgnoredProbe')
ANF: msvGetThruNetInfo('./simv: undefined symbol: msvGetThruNetInfo')
ANF: msvFreeThruNetInfo('./simv: undefined symbol: msvFreeThruNetInfo')
ANF: PI_ace_get_output_time_unit('./simv: undefined symbol: PI_ace_get_output_time_unit')
ANF: PI_ace_sim_sync('./simv: undefined symbol: PI_ace_sim_sync')
ANF: msvGetRereadInitFile('./simv: undefined symbol: msvGetRereadInitFile')
ANF: msvSetBeforeRereadCallback('./simv: undefined symbol: msvSetBeforeRereadCallback')
ANF: msvSetAfterRereadCallback('./simv: undefined symbol: msvSetAfterRereadCallback')
ANF: msvSetForceCallback('./simv: undefined symbol: msvSetForceCallback')
ANF: msvSetReleaseCallback('./simv: undefined symbol: msvSetReleaseCallback')
ANF: msvGetForceStatus('./simv: undefined symbol: msvGetForceStatus')
ANF: vdi_fn_trigger_native_init_force('./simv: undefined symbol: vdi_fn_trigger_native_init_force')
ANF: vdi_set_native_callback('./simv: undefined symbol: vdi_set_native_callback')
ANF: vdi_fn_check_native_callback('./simv: undefined symbol: vdi_fn_check_native_callback')
ANF: vdi_fn_add_native_callback('./simv: undefined symbol: vdi_fn_add_native_callback')
ANF: vhdi_dt_get_type('./simv: undefined symbol: vhdi_dt_get_type')
ANF: vhdi_dt_get_key('./simv: undefined symbol: vhdi_dt_get_key')
ANF: vhdi_dt_get_vhdl_enum_info('./simv: undefined symbol: vhdi_dt_get_vhdl_enum_info')
ANF: vhdi_dt_get_vhdl_physical_info('./simv: undefined symbol: vhdi_dt_get_vhdl_physical_info')
ANF: vhdi_dt_get_vhdl_array_info('./simv: undefined symbol: vhdi_dt_get_vhdl_array_info')
ANF: vhdi_dt_get_vhdl_record_info('./simv: undefined symbol: vhdi_dt_get_vhdl_record_info')
ANF: vhdi_def_traverse_module('./simv: undefined symbol: vhdi_def_traverse_module')
ANF: vhdi_def_traverse_scope('./simv: undefined symbol: vhdi_def_traverse_scope')
ANF: vhdi_def_traverse_variable('./simv: undefined symbol: vhdi_def_traverse_variable')
ANF: vhdi_def_get_module_id_by_vhpi('./simv: undefined symbol: vhdi_def_get_module_id_by_vhpi')
ANF: vhdi_def_get_handle_by_module_id('./simv: undefined symbol: vhdi_def_get_handle_by_module_id')
ANF: vhdi_def_get_variable_info_by_vhpi('./simv: undefined symbol: vhdi_def_get_variable_info_by_vhpi')
ANF: vhdi_def_free('./simv: undefined symbol: vhdi_def_free')
ANF: vhdi_ist_traverse_scope('./simv: undefined symbol: vhdi_ist_traverse_scope')
ANF: vhdi_ist_traverse_variable('./simv: undefined symbol: vhdi_ist_traverse_variable')
ANF: vhdi_ist_convert_by_vhpi('./simv: undefined symbol: vhdi_ist_convert_by_vhpi')
ANF: vhdi_ist_clone('./simv: undefined symbol: vhdi_ist_clone')
ANF: vhdi_ist_free('./simv: undefined symbol: vhdi_ist_free')
ANF: vhdi_ist_hash_key('./simv: undefined symbol: vhdi_ist_hash_key')
ANF: vhdi_ist_compare('./simv: undefined symbol: vhdi_ist_compare')
ANF: vhdi_ist_get_value_addr('./simv: undefined symbol: vhdi_ist_get_value_addr')
ANF: vhdi_set_scsd_callback('./simv: undefined symbol: vhdi_set_scsd_callback')
ANF: vhdi_cbk_set_force_callback('./simv: undefined symbol: vhdi_cbk_set_force_callback')
ANF: vhdi_trigger_init_force('./simv: undefined symbol: vhdi_trigger_init_force')
ANF: vhdi_ist_check_scsd_callback('./simv: undefined symbol: vhdi_ist_check_scsd_callback')
ANF: vhdi_ist_add_scsd_callback('./simv: undefined symbol: vhdi_ist_add_scsd_callback')
ANF: vhdi_ist_remove_scsd_callback('./simv: undefined symbol: vhdi_ist_remove_scsd_callback')
ANF: vhdi_ist_get_scsd_user_data('./simv: undefined symbol: vhdi_ist_get_scsd_user_data')
ANF: vhdi_add_time_change_callback('./simv: undefined symbol: vhdi_add_time_change_callback')
ANF: vhdi_get_real_value_by_value_addr('./simv: undefined symbol: vhdi_get_real_value_by_value_addr')
ANF: vhdi_get_64_value_by_value_addr('./simv: undefined symbol: vhdi_get_64_value_by_value_addr')
ANF: vhdi_xprop_inst_is_promoted('./simv: undefined symbol: vhdi_xprop_inst_is_promoted')
ANF: vdi_ist_convert_by_vhdi('./simv: undefined symbol: vdi_ist_convert_by_vhdi')
ANF: vhdi_ist_get_module_id('./simv: undefined symbol: vhdi_ist_get_module_id')
ANF: vhdi_refine_foreign_scope_type('./simv: undefined symbol: vhdi_refine_foreign_scope_type')
ANF: vhdi_flush_callback('./simv: undefined symbol: vhdi_flush_callback')
ANF: vhdi_set_orig_name('./simv: undefined symbol: vhdi_set_orig_name')
ANF: vhdi_set_dump_pt('./simv: undefined symbol: vhdi_set_dump_pt')
ANF: vhdi_get_fsdb_option('./simv: undefined symbol: vhdi_get_fsdb_option')
ANF: vhdi_fgp_get_mode('./simv: undefined symbol: vhdi_fgp_get_mode')
ANF: vhdi_node_register_composite_var('./simv: undefined symbol: vhdi_node_register_composite_var')
ANF: vhdi_node_analysis('./simv: undefined symbol: vhdi_node_analysis')
ANF: vhdi_node_id('./simv: undefined symbol: vhdi_node_id')
ANF: vhdi_node_ist_check_scsd_callback('./simv: undefined symbol: vhdi_node_ist_check_scsd_callback')
ANF: vhdi_node_ist_add_scsd_callback('./simv: undefined symbol: vhdi_node_ist_add_scsd_callback')
ANF: vhdi_node_ist_get_value_addr('./simv: undefined symbol: vhdi_node_ist_get_value_addr')
VCS compile option:
 option[0]: ./simv
 option[1]: -fgp:numcores=10
 option[2]: -l
 option[3]: run.log
 option[4]: /global/apps/vcs_2018.09-SP1-1/linux64/bin/vcs1
 option[5]: -Mcc=gcc
 option[6]: -Mcplusplus=g++
 option[7]: -Masflags=
 option[8]: -Mcfl= -pipe -fPIC -O -I/global/apps/vcs_2018.09-SP1-1/include 
 option[9]: -Mxcflags= -pipe -fPIC -I/global/apps/vcs_2018.09-SP1-1/include
 option[10]: -Mldflags= -rdynamic 
 option[11]: -Mout=simv
 option[12]: -Mamsrun=
 option[13]: -Mvcsaceobjs=
 option[14]: -Mobjects= /global/apps/vcs_2018.09-SP1-1/linux64/lib/libvirsim.so /global/apps/vcs_2018.09-SP1-1/linux64/lib/liberrorinf.so /global/apps/vcs_2018.09-SP1-1/linux64/lib/libsnpsmalloc.so /global/apps/vcs_2018.09-SP1-1/linux64/lib/libvfs.so 
 option[15]: -Mexternalobj=
 option[16]: -Msaverestoreobj=/global/apps/vcs_2018.09-SP1-1/linux64/lib/vcs_save_restore_new.o
 option[17]: -Mcrt0=
 option[18]: -Mcrtn=
 option[19]: -Mcsrc=
 option[20]: -Msyslibs=/global/apps/verdi_2018.09-SP1-1/share/PLI/VCS/LINUX64/pli.a -ldl 
 option[21]: -l
 option[22]: vcs.log
 option[23]: -full64
 option[24]: -top
 option[25]: glbl
 option[26]: -top
 option[27]: Test_RISCV_PROCESSOR
 option[28]: -fgp
 option[29]: -debug_access+all
 option[30]: +vpi
 option[31]: +vcsd1
 option[32]: +itf+/global/apps/vcs_2018.09-SP1-1/linux64/lib/vcsdp_lite.tab
 option[33]: -debug_access
 option[34]: +vcs+fsdbon+mda
 option[35]: -kdb
 option[36]: -Xufe=2steps
 option[37]: -lca
 option[38]: -picarchive
 option[39]: -P
 option[40]: /global/apps/verdi_2018.09-SP1-1/share/PLI/VCS/LINUX64/verdi.tab
 option[41]: -fsdb
 option[42]: -sverilog
 option[43]: -gen_obj
 option[44]: -f
 option[45]: flist.f
 option[46]: +incdir+./src/design/common
 option[47]: +incdir+./src/design/newcache
 option[48]: -load
 option[49]: /global/apps/verdi_2018.09-SP1-1/share/PLI/VCS/LINUX64/libnovas.so:FSDBDumpCmd
Chronologic Simulation VCS Release O-2018.09-SP1-1_Full64
Linux 2.6.32-696.30.1.el6.x86_64 #1 SMP Tue May 22 03:28:18 UTC 2018 x86_64
CPU cores: 20
Limit information:
======================================
cputime		unlimited
filesize		unlimited
datasize		unlimited
stacksize		8192 kbytes
coredumpsize		0 kbytes
memoryuse		unlimited
vmemoryuse		unlimited
descriptors		4096
memorylocked		64 kbytes
maxproc		5120
======================================
(Special)Runtime environment variables:

Runtime environment variables:
REMOTEHOST=us01lts268.internal.synopsys.com
MODULE_VERSION_STACK=3.1.6
MANPATH=/global/freeware/Linux/RHEL6/git-2.16.2/share/man:/global/etc/modules/3.1.6/man:/usr/share/man:/usr/X11R6/man:/usr/local/man
HOSTNAME=vgintiv254
HOST=vgintiv254
TERM=xterm
SHELL=/bin/tcsh
MAKEFLAGS=
VERDI_BITMODE=64-32
SSH_CLIENT=10.15.230.14 51666 22
QTDIR=/usr/lib64/qt-3.3
QTINC=/usr/lib64/qt-3.3/include
PROBE=/u/regress/INFRA_HOME/probe
SSH_TTY=/dev/pts/158
U_REGRESS=/u/regress
GROUP=synopsys
USER=ashenek
LD_LIBRARY_PATH=/global/freeware/Linux/RHEL6/git-2.16.2/deps/lib:/global/freeware/Linux/RHEL6/git-2.16.2/deps/lib64:/global/freeware/Linux/RHEL6/git-2.16.2/lib:/global/freeware/Linux/RHEL6/git-2.16.2/lib64:/global/apps/verdi_2018.09-SP1-1/share/FsdbWriter/LINUX64:/global/apps/verdi_2018.09-SP1-1/share/FsdbReader/LINUX64:/global/apps/verdi_2018.09-SP1-1/share/NPI/lib/LINUX64:/usr/local/lib
LS_COLORS=rs=0:di=01;34:ln=01;36:mh=00:pi=40;33:so=01;35:do=01;35:bd=40;33;01:cd=40;33;01:or=40;31;01:mi=01;05;37;41:su=37;41:sg=30;43:ca=30;41:tw=30;42:ow=34;42:st=37;44:ex=01;32:*.tar=01;31:*.tgz=01;31:*.arj=01;31:*.taz=01;31:*.lzh=01;31:*.lzma=01;31:*.tlz=01;31:*.txz=01;31:*.zip=01;31:*.z=01;31:*.Z=01;31:*.dz=01;31:*.gz=01;31:*.lz=01;31:*.xz=01;31:*.bz2=01;31:*.tbz=01;31:*.tbz2=01;31:*.bz=01;31:*.tz=01;31:*.deb=01;31:*.rpm=01;31:*.jar=01;31:*.rar=01;31:*.ace=01;31:*.zoo=01;31:*.cpio=01;31:*.7z=01;31:*.rz=01;31:*.jpg=01;35:*.jpeg=01;35:*.gif=01;35:*.bmp=01;35:*.pbm=01;35:*.pgm=01;35:*.ppm=01;35:*.tga=01;35:*.xbm=01;35:*.xpm=01;35:*.tif=01;35:*.tiff=01;35:*.png=01;35:*.svg=01;35:*.svgz=01;35:*.mng=01;35:*.pcx=01;35:*.mov=01;35:*.mpg=01;35:*.mpeg=01;35:*.m2v=01;35:*.mkv=01;35:*.ogm=01;35:*.mp4=01;35:*.m4v=01;35:*.mp4v=01;35:*.vob=01;35:*.qt=01;35:*.nuv=01;35:*.wmv=01;35:*.asf=01;35:*.rm=01;35:*.rmvb=01;35:*.flc=01;35:*.avi=01;35:*.fli=01;35:*.flv=01;35:*.gl=01;35:*.dl=01;35:*.xcf=01;35:*.xwd=01;35:*.yuv=01;35:*.cgm=01;35:*.emf=01;35:*.axv=01;35:*.anx=01;35:*.ogv=01;35:*.ogx=01;35:*.aac=01;36:*.au=01;36:*.flac=01;36:*.mid=01;36:*.midi=01;36:*.mka=01;36:*.mp3=01;36:*.mpc=01;36:*.ogg=01;36:*.ra=01;36:*.wav=01;36:*.axa=01;36:*.oga=01;36:*.spx=01;36:*.xspf=01;36:
HOSTTYPE=x86_64-linux
XILINXD_LICENSE_FILE=21050@us01misclmd1
MAKELEVEL=1
SNPSLMD_LICENSE_FILE=26585@us01snpslmd6:26585@us01snpslmd7:26585@us01snpslmd8:26585@us01snpslmd3:26585@us01snpslmd2:26585@us01snpslmd5:26585@us01snpslmd4
P4DIFF=gvimdiff -f
MFLAGS=
DEPOT_TOOLS_PATH=/depot/perforce:/depot/tools/ccollab/bin
MODULE_VERSION=3.1.6
MAIL=/var/spool/mail/ashenek
PATH=/global/snps_apps/vivado_2018.3/SDK/2018.3/bin:/global/snps_apps/vivado_2018.3/Vivado_HLS/2018.3/bin:/global/snps_apps/vivado_2018.3/Vivado/2018.3/bin:/global/freeware/Linux/RHEL6/git-2.16.2/bin:/global/apps/verdi_2018.09-SP1-1/bin:/global/apps/vcs_2018.09-SP1-1/bin:/usr/bin:/u/regress/INFRA_HOME/bin:/usr/lib64/qt-3.3/bin:/usr/kerberos/sbin:/usr/kerberos/bin:/usr/local/bin:/bin:/usr/bin:/usr/X11R6/bin:.:/depot/perforce:/depot/tools/ccollab/bin
INFRA_HOME=/u/regress/INFRA_HOME
VERDI_HOME=/global/apps/verdi_2018.09-SP1-1
PWD=/u/ashenek/riscv-emu-c/rtl
_LMFILES_=/global/etc/modules/files/eda/vcs/2018.09-SP1-1:/global/etc/modules/files/eda/verdi/2018.09-SP1-1:/global/etc/modulefiles/freeware/opensource/git/2.16.2:/global/snps_apps/modulefiles/eda/vivado/2018.3
VCS_HOME=/global/apps/vcs_2018.09-SP1-1
XMODIFIERS=@im=none
LANG=en_US.UTF-8
KDE_IS_PRELINKED=1
MODULEPATH=/global/cust_apps/modulefiles:/global/etc/modules/files/eda:/global/etc/modules/files/eda2:/global/etc/modules/files/flows:/global/cust_apps_sgip001/modulefiles:/global/snps_apps/modulefiles/eda:/global/export_control_apps/modulefiles/eda:/global/etc/modulefiles/freeware/opensource:/global/cust_apps_sgps001/lynx/admin/modulefiles/mc_servers:/global/script_depot/module:
LOADEDMODULES=vcs/2018.09-SP1-1:verdi/2018.09-SP1-1:git/2.16.2:vivado/2018.3
KDEDIRS=/usr
XILINX_VIVADO=/global/snps_apps/vivado_2018.3/Vivado/2018.3
LM_LICENSE_FILE=27001@mercury:26585@us01snpslmd1:26585@us01snpslmd3:26585@us01snpslmd2:7183@us01vglmd2
SSH_ASKPASS=/usr/libexec/openssh/gnome-ssh-askpass
SHLVL=2
HOME=/u/ashenek
OSTYPE=linux
VENDOR=unknown
LOGNAME=ashenek
MACHTYPE=x86_64
CVS_RSH=ssh
QTLIB=/usr/lib64/qt-3.3/lib
P4USER=ashenek
SSH_CONNECTION=10.15.230.14 51666 10.15.101.243 22
MODULESHOME=/global/etc/modules/3.1.6
LESSOPEN=||/usr/bin/lesspipe.sh %s
U_ROOT=/u
U_BENCH=/u/bench
DISPLAY=us01lts268:250.0
MODULES_RC=/global/etc/modules/modulesrc
MODULES_PLATFORM=x86_64.Linux.2.6
P4PORT=p4p-in7b:1888
P4CONFIG=.p4config
G_BROKEN_FILENAMES=1
_=./simv
VCS_PATHMAP_PRELOAD_DONE=1
VCS_STACK_EXEC=true
VCS_EXEC_DONE=1
LC_ALL=C
DVE=/global/apps/vcs_2018.09-SP1-1/gui/dve
SPECMAN_OUTPUT_TO_TTY=1
Runtime command line arguments:
argv[0]=./simv
argv[1]=-fgp:numcores=10
argv[2]=-l
argv[3]=run.log
254 profile - 100
          CPU/Mem usage: 0.130 sys,  0.300 user,  445.64M mem
255 Wed Mar  6 09:03:35 2019
256 pliAppInit
257 FSDB_GATE is set.
258 FSDB_RTL is set.
259 Enable Parallel Dumping.
260 pliAppMiscSet: New Sim Round
261 pliEntryInit
262 LIBSSCORE=found /global/apps/verdi_2018.09-SP1-1/share/PLI/lib/LINUXAMD64/libsscore_vcs201809.so through $NOVAS_HOME setting.
263 FSDB Dumper for VCS, Release Verdi_O-2018.09-SP1-1, Linux x86_64/64bit, 01/20/2019
264 (C) 1996 - 2019 by Synopsys, Inc.
265 FSDB_VCS_ENABLE_FAST_VC is enable
266 sps_call_fsdbDumpvars_vd_main at 0 : Unknown source file(0)
267 argv[0]: (+mda)
268 *Verdi* : Create FSDB file 'novas.fsdb'
269 compile option from '/remote/us01home55/ashenek/riscv-emu-c/rtl/simv.daidir/vcs_rebuild'.
270   "vcs '-full64' '-top' 'glbl' '-top' 'Test_RISCV_PROCESSOR' '-f' 'flist.f' '-sverilog' '+incdir+./src/design/common' '+incdir+./src/design/newcache' '-fgp' '-debug_access+all' '+vcs+fsdbon+mda' '-kdb' '-lca' '-l' 'vcs.log' 2>&1"
271 [spi_vcs_vd_ppi_create_root]: no upf option
272 FSDB dumper cannot dump UPF related power signal ($power_tree): no ppiPowerNetwork.
273 *Verdi* : Begin traversing the scopes, layer (0).
274 *Verdi* : Enable +mda dumping.
275 *Verdi* WARNING: Var 'byte_ram' will be ignored because its total element is larger than or equal to 33554432.
276 *Verdi* WARNING: Var 'Test_RISCV_PROCESSOR.word_ram' will be ignored because its total element is larger than or equal to 2097152.
277 *Verdi* : You may set environmental parameter "FSDB_MAX_VAR_ELEM" to enable the dumping.
278 *Verdi* : Value of "FSDB_MAX_VAR_ELEM" should be between 2^21~2^25.
279 *Verdi* : End of traversing.
280 pliAppHDL_DumpVarComplete traverse var: profile - 
          CPU/Mem usage: 0.170 sys,  0.420 user,  543.08M mem
                   incr: 0.010 sys,  0.110 user,  9.67M mem
                   accu: 0.010 sys,  0.110 user,  9.67M mem
              accu incr: 0.010 sys,  0.110 user,  9.67M mem

          Count usage: 14082 var,  14142 idcode,  3365 callback
                 incr: 14082 var,  14142 idcode,  3365 callback
                 accu: 14082 var,  14142 idcode,  3365 callback
            accu incr: 14082 var,  14142 idcode,  3365 callback
281 Wed Mar  6 09:03:35 2019
282 pliAppHDL_DumpVarComplete: profile - 
          CPU/Mem usage: 0.170 sys,  0.420 user,  544.42M mem
                   incr: 0.000 sys,  0.000 user,  1.33M mem
                   accu: 0.010 sys,  0.110 user,  11.01M mem
              accu incr: 0.000 sys,  0.000 user,  1.33M mem

          Count usage: 14082 var,  14142 idcode,  3365 callback
                 incr: 0 var,  0 idcode,  0 callback
                 accu: 14082 var,  14142 idcode,  3365 callback
            accu incr: 0 var,  0 idcode,  0 callback
283 Wed Mar  6 09:03:35 2019
284 End of simulation at 12263245000
285 Wed Mar  6 09:05:34 2019
286 Begin FSDB profile info:
287 FSDB Writer : bc1(59791146) bcn(160414556) mtf/stf(0/42)
FSDB Writer elapsed time : flush(22.647335) io wait(0.000000) theadpool wait(0.000000) target functin(0.000000)
FSDB Writer cpu time : MT Compression : 0
288 End FSDB profile info
289 Parallel profile    -  Flush:2 Expand:0 ProduceWait:0 ConsumerWait:1381 BlockUsed:1759
290                        ProduceTime:118.374770366 ConsumerTime:38.677305785 Buffer:64MB
291 SimExit
292 Sim process exit
