g++ emu.cpp -o emu -std=c++11
./emu
dtb pointer : 800002b8hartid pointer : 00000000bbl loader
here1
here2
here3
mem size 10000000here3
              vvvvvvvvvvvvvvvvvvvvvvvvvvvvvvvv
                  vvvvvvvvvvvvvvvvvvvvvvvvvvvv
rrrrrrrrrrrrr       vvvvvvvvvvvvvvvvvvvvvvvvvv
rrrrrrrrrrrrrrrr      vvvvvvvvvvvvvvvvvvvvvvvv
rrrrrrrrrrrrrrrrrr    vvvvvvvvvvvvvvvvvvvvvvvv
rrrrrrrrrrrrrrrrrr    vvvvvvvvvvvvvvvvvvvvvvvv
rrrrrrrrrrrrrrrrrr    vvvvvvvvvvvvvvvvvvvvvvvv
rrrrrrrrrrrrrrrr      vvvvvvvvvvvvvvvvvvvvvv  
rrrrrrrrrrrrr       vvvvvvvvvvvvvvvvvvvvvv    
rr                vvvvvvvvvvvvvvvvvvvvvv      
rr            vvvvvvvvvvvvvvvvvvvvvvvv      rr
rrrr      vvvvvvvvvvvvvvvvvvvvvvvvvv      rrrr
rrrrrr      vvvvvvvvvvvvvvvvvvvvvv      rrrrrr
rrrrrrrr      vvvvvvvvvvvvvvvvvv      rrrrrrrr
rrrrrrrrrr      vvvvvvvvvvvvvv      rrrrrrrrrr
rrrrrrrrrrrr      vvvvvvvvvv      rrrrrrrrrrrr
rrrrrrrrrrrrrr      vvvvvv      rrrrrrrrrrrrrr
rrrrrrrrrrrrrrrr      vv      rrrrrrrrrrrrrrrr
rrrrrrrrrrrrrrrrrr          rrrrrrrrrrrrrrrrrr
rrrrrrrrrrrrrrrrrrrr      rrrrrrrrrrrrrrrrrrrr
rrrrrrrrrrrrrrrrrrrrrr  rrrrrrrrrrrrrrrrrrrrrr

       INSTRUCTION SETS WANT TO BE FREE
printing dt
 {
  #address-cells = <0x00000002>;
  #size-cells = <0x00000002>;
  compatible = "shakti,spike-bare-dev";
  model = "shakti,spike-bare";
  cpus {
    #address-cells = <0x00000001>;
    #size-cells = <0x00000000>;
    timebase-frequency = <0x00989680>;
    cpu@0 {
      device_type = "cpu";
      reg = <0x00000000>;
      status = "okay";
      compatible = "riscv";
      riscv,isa = "rv64imafd";
      mmu-type = "riscv,sv39";
      clock-frequency = <0x3b9aca00>;
      interrupt-controller {
        #interrupt-cells = <0x00000001>;
        interrupt-controller;
        compatible = "riscv,cpu-intc";
        phandle = <0x00000001>;
      }
    }
  }
  memory@80000000 {
    device_type = "memory";
    reg = <0x00000000 0x80000000 0x00000000 0x10000000>;
  }
  soc {
    #address-cells = <0x00000002>;
    #size-cells = <0x00000002>;
    compatible = "shakti,spike-bare-soc", "simple-bus";
    ranges;
  }
  uart {
    compatible = "shakti,uart0";
    reg = <0x00000000 0x00011200 0x00000000 0x00001000>;
  }
  chosen {
    bootargs = <0x636f6e73 0x6f6c653d 0x68766330 0x20726f6f 0x743d2f64 0x65762f76 0x64612072>;
  }
}
end dt
AMO-SC.W : Mis-aligned memory access 0
