version: (200506)

available memory: 64M bytes
used memory: 278528 bytes [need 272K bytes if disable swap]

used block: 13 [memory(13) file(0)]
                 [ 8K(10) 64K(3) { total 272K bytes } ]
overhead: (9540) bytes for (13) blocks [Average: (733) bytes/block]

write  => 0(times) 0K(bytes) [0K bytes to file]
read   => 3(times) 123K(bytes) [16K bytes compressed data from file]
access => 1220159(times) 9550M(bytes)
          [hit ratio: 99.9998%]

time: write(0) read(0)  unit: second

swap file directory: (/remote/vgrnd21/subashar/risc64/riscv-emu-c/rtl/verdiLog)
used swap file number: (4)



swap file manager:
arrSize: (256)
idxCnt: (5)
closeHead: (1)
closeTail: (4)
openCnt: (4)
fid(4): fd(1073741826) fileName(/remote/vgrnd21/subashar/risc64/riscv-emu-c/rtl/simv.daidir/kdb.elab++/work.lib++/TLB.v.tdc)
	size(13598) lastModTime(1551604792) curModTime(1551604792)
	mode(rb)	hot(0) cool(3) pos(0)
fid(3): fd(1073741825) fileName(/remote/vgrnd21/subashar/risc64/riscv-emu-c/rtl/simv.daidir/kdb.elab++/work.lib++/RISCV_PROCESSOR.v.tdc)
	size(40044) lastModTime(1551604792) curModTime(1551604792)
	mode(rb)	hot(4) cool(2) pos(0)
fid(2): fd(30) fileName(/remote/vgrnd21/subashar/risc64/riscv-emu-c/rtl/verdiLog/_swap_0001#252374385#21270)
	size(0) lastModTime(0) curModTime(1551605686)
	mode(w+b)	hot(3) cool(1) pos(0)
fid(1): fd(1073741824) fileName(/remote/vgrnd21/subashar/risc64/riscv-emu-c/rtl/simv.daidir/kdb.elab++/work.lib++/glbl.v.tdc)
	size(2670) lastModTime(1551604792) curModTime(1551604792)
	mode(rb)	hot(2) cool(0) pos(0)
fid(0): fd(0) fileName(NULL)
	mode(NULL)	hot(0) cool(0) pos(0)
==================================================
mySelf(1500e740) pre(15000060) next(0)
version(200506)
date(Jan  7 2019 00:05:39)
