riscv64-unknown-elf-gcc -MMD -MP -Wall -Werror -D__NO_INLINE__ -mcmodel=medany -O2 -std=gnu99 -Wno-unused -Wno-attributes -fno-delete-null-pointer-checks -fno-PIE  -march=rv32im -mabi=ilp32 -DBBL_PAYLOAD=\"bbl_payload\" -DBBL_LOGO_FILE=\"bbl_logo_file\" -I. -I../pk -I../bbl -I../softfloat -I../dummy_payload -I../machine -I../util -c ../pk/file.c
riscv64-unknown-elf-gcc -MMD -MP -Wall -Werror -D__NO_INLINE__ -mcmodel=medany -O2 -std=gnu99 -Wno-unused -Wno-attributes -fno-delete-null-pointer-checks -fno-PIE  -march=rv32im -mabi=ilp32 -DBBL_PAYLOAD=\"bbl_payload\" -DBBL_LOGO_FILE=\"bbl_logo_file\" -I. -I../pk -I../bbl -I../softfloat -I../dummy_payload -I../machine -I../util -c ../pk/syscall.c
riscv64-unknown-elf-gcc -MMD -MP -Wall -Werror -D__NO_INLINE__ -mcmodel=medany -O2 -std=gnu99 -Wno-unused -Wno-attributes -fno-delete-null-pointer-checks -fno-PIE  -march=rv32im -mabi=ilp32 -DBBL_PAYLOAD=\"bbl_payload\" -DBBL_LOGO_FILE=\"bbl_logo_file\" -I. -I../pk -I../bbl -I../softfloat -I../dummy_payload -I../machine -I../util -c ../pk/handlers.c
riscv64-unknown-elf-gcc -MMD -MP -Wall -Werror -D__NO_INLINE__ -mcmodel=medany -O2 -std=gnu99 -Wno-unused -Wno-attributes -fno-delete-null-pointer-checks -fno-PIE  -march=rv32im -mabi=ilp32 -DBBL_PAYLOAD=\"bbl_payload\" -DBBL_LOGO_FILE=\"bbl_logo_file\" -I. -I../pk -I../bbl -I../softfloat -I../dummy_payload -I../machine -I../util -c ../pk/frontend.c
riscv64-unknown-elf-gcc -MMD -MP -Wall -Werror -D__NO_INLINE__ -mcmodel=medany -O2 -std=gnu99 -Wno-unused -Wno-attributes -fno-delete-null-pointer-checks -fno-PIE  -march=rv32im -mabi=ilp32 -DBBL_PAYLOAD=\"bbl_payload\" -DBBL_LOGO_FILE=\"bbl_logo_file\" -I. -I../pk -I../bbl -I../softfloat -I../dummy_payload -I../machine -I../util -c ../pk/elf.c
riscv64-unknown-elf-gcc -MMD -MP -Wall -Werror -D__NO_INLINE__ -mcmodel=medany -O2 -std=gnu99 -Wno-unused -Wno-attributes -fno-delete-null-pointer-checks -fno-PIE  -march=rv32im -mabi=ilp32 -DBBL_PAYLOAD=\"bbl_payload\" -DBBL_LOGO_FILE=\"bbl_logo_file\" -I. -I../pk -I../bbl -I../softfloat -I../dummy_payload -I../machine -I../util -c ../pk/console.c
riscv64-unknown-elf-gcc -MMD -MP -Wall -Werror -D__NO_INLINE__ -mcmodel=medany -O2 -std=gnu99 -Wno-unused -Wno-attributes -fno-delete-null-pointer-checks -fno-PIE  -march=rv32im -mabi=ilp32 -DBBL_PAYLOAD=\"bbl_payload\" -DBBL_LOGO_FILE=\"bbl_logo_file\" -I. -I../pk -I../bbl -I../softfloat -I../dummy_payload -I../machine -I../util -c ../pk/mmap.c
riscv64-unknown-elf-gcc -MMD -MP -Wall -Werror -D__NO_INLINE__ -mcmodel=medany -O2 -std=gnu99 -Wno-unused -Wno-attributes -fno-delete-null-pointer-checks -fno-PIE  -march=rv32im -mabi=ilp32 -DBBL_PAYLOAD=\"bbl_payload\" -DBBL_LOGO_FILE=\"bbl_logo_file\" -I. -I../pk -I../bbl -I../softfloat -I../dummy_payload -I../machine -I../util -c ../pk/entry.S
riscv64-unknown-elf-ar rcv libpk.a file.o syscall.o handlers.o frontend.o elf.o console.o mmap.o entry.o
a - file.o
a - syscall.o
a - handlers.o
a - frontend.o
a - elf.o
a - console.o
a - mmap.o
a - entry.o
riscv64-unknown-elf-ranlib libpk.a
riscv64-unknown-elf-gcc -MMD -MP -Wall -Werror -D__NO_INLINE__ -mcmodel=medany -O2 -std=gnu99 -Wno-unused -Wno-attributes -fno-delete-null-pointer-checks -fno-PIE  -march=rv32im -mabi=ilp32 -DBBL_PAYLOAD=\"bbl_payload\" -DBBL_LOGO_FILE=\"bbl_logo_file\" -I. -I../pk -I../bbl -I../softfloat -I../dummy_payload -I../machine -I../util -c ../bbl/logo.c
dtc -O dtb -o dtb -b 0 < 
bbl.mk:20: recipe for target 'dtb' failed
